12/28/20 18:20:48 Start Reading application config file :application.config.xml
  12/28/20 18:20:48 End Reading application config file :application.config.xml
  12/28/20 18:20:48 Start Reading CSS file :C:\Users\nichiuser\Downloads\RBL\RBL\0000_Ndc.css
  12/28/20 18:20:48 End Reading CSS file :C:\Users\nichiuser\Downloads\RBL\RBL\0000_Ndc.css
  12/28/20 18:20:48 Start Reading XML file :C:\Users\nichiuser\Downloads\RBL\RBL\screen-contentsdata.xml
  12/28/20 18:20:48 End Reading XML file :C:\Users\nichiuser\Downloads\RBL\RBL\screen-contentsdata.xml
  12/28/20 18:20:48 Start Screen Validation
  12/28/20 18:20:48 Start Listing images from path:C:\Users\nichiuser\Downloads\RBL\RBL\SSDS\SSDS\DLL
  12/28/20 18:20:48 End Listing images from path:C:\Users\nichiuser\Downloads\RBL\RBL\SSDS\SSDS\DLL
  12/28/20 18:20:48 Start of showing TouchArea function
  12/28/20 18:20:48 End of showing TouchArea function 
  12/28/20 18:20:48 Start sliding images 
  12/28/20 18:20:48 Start validating each image
  12/28/20 18:20:48 Set as backgound image :C:\Users\nichiuser\Downloads\RBL\RBL\SSDS\SSDS\DLL\hin001.jpg
  12/28/20 18:20:49 Start taking screenshot for :C:\Users\nichiuser\Downloads\RBL\RBL\SSDS\SSDS\DLL\hin001.jpg
  12/28/20 18:20:49 End taking screenshot for :C:\Users\nichiuser\Downloads\RBL\RBL\SSDS\SSDS\DLL\hin001.jpg
  12/28/20 18:20:49 Set as backgound image :C:\Users\nichiuser\Downloads\RBL\RBL\SSDS\SSDS\DLL\hin002.jpg
  12/28/20 18:20:50 Start taking screenshot for :C:\Users\nichiuser\Downloads\RBL\RBL\SSDS\SSDS\DLL\hin002.jpg
  12/28/20 18:20:50 End taking screenshot for :C:\Users\nichiuser\Downloads\RBL\RBL\SSDS\SSDS\DLL\hin002.jpg
  12/28/20 18:20:50 Set as backgound image :C:\Users\nichiuser\Downloads\RBL\RBL\SSDS\SSDS\DLL\hin003.jpg
  12/28/20 18:20:50 Start taking screenshot for :C:\Users\nichiuser\Downloads\RBL\RBL\SSDS\SSDS\DLL\hin003.jpg
  12/28/20 18:20:50 End taking screenshot for :C:\Users\nichiuser\Downloads\RBL\RBL\SSDS\SSDS\DLL\hin003.jpg
  12/28/20 18:20:50 Set as backgound image :C:\Users\nichiuser\Downloads\RBL\RBL\SSDS\SSDS\DLL\hin004.jpg
  12/28/20 18:20:51 Start taking screenshot for :C:\Users\nichiuser\Downloads\RBL\RBL\SSDS\SSDS\DLL\hin004.jpg
  12/28/20 18:20:51 End taking screenshot for :C:\Users\nichiuser\Downloads\RBL\RBL\SSDS\SSDS\DLL\hin004.jpg
  12/28/20 18:20:51 Set as backgound image :C:\Users\nichiuser\Downloads\RBL\RBL\SSDS\SSDS\DLL\hin005.jpg
  12/28/20 18:20:52 Start taking screenshot for :C:\Users\nichiuser\Downloads\RBL\RBL\SSDS\SSDS\DLL\hin005.jpg
  12/28/20 18:20:52 End taking screenshot for :C:\Users\nichiuser\Downloads\RBL\RBL\SSDS\SSDS\DLL\hin005.jpg
  12/28/20 18:20:52 Set as backgound image :C:\Users\nichiuser\Downloads\RBL\RBL\SSDS\SSDS\DLL\hin006.jpg
  12/28/20 18:20:53 Start taking screenshot for :C:\Users\nichiuser\Downloads\RBL\RBL\SSDS\SSDS\DLL\hin006.jpg
  12/28/20 18:20:53 End taking screenshot for :C:\Users\nichiuser\Downloads\RBL\RBL\SSDS\SSDS\DLL\hin006.jpg
  12/28/20 18:20:53 Set as backgound image :C:\Users\nichiuser\Downloads\RBL\RBL\SSDS\SSDS\DLL\hin007.jpg
  