12/28/20 18:46:49 Start Reading application config file :application.config.xml
  12/28/20 18:46:49 XMLFILEPATH: C:\Users\nichiuser\Downloads\RBL\RBL\screen-contentsdata.xml
  12/28/20 18:46:49 CSSFILEPATH: C:\Users\nichiuser\Downloads\RBL\RBL\0000_Ndc.css
  12/28/20 18:46:49 IMAGEFOLDERPATH: C:\Users\nichiuser\Downloads\RBL\RBL\SSDS\SSDS\DLL
  12/28/20 18:46:49 OUTPUTPATH: C:\Users\nichiuser\Downloads\RBL\RBL\output
  12/28/20 18:46:49 End Reading application config file :application.config.xml
  12/28/20 18:46:49 Start Reading CSS file :C:\Users\nichiuser\Downloads\RBL\RBL\0000_Ndc.css
  12/28/20 18:46:49 End Reading CSS file :C:\Users\nichiuser\Downloads\RBL\RBL\0000_Ndc.css
  12/28/20 18:46:49 Start Reading XML file :C:\Users\nichiuser\Downloads\RBL\RBL\screen-contentsdata.xml
  12/28/20 18:46:49 End Reading XML file :C:\Users\nichiuser\Downloads\RBL\RBL\screen-contentsdata.xml
  12/28/20 18:46:49 Start Screen Validation
  12/28/20 18:46:49 Start of showing TouchArea function
  12/28/20 18:46:49 End of showing TouchArea function 
  12/28/20 18:46:49 Start sliding images 
  12/28/20 18:46:49 Start Listing images from path:C:\Users\nichiuser\Downloads\RBL\RBL\SSDS\SSDS\DLL
  12/28/20 18:46:49 End Listing images from path:C:\Users\nichiuser\Downloads\RBL\RBL\SSDS\SSDS\DLL
  12/28/20 18:46:49 Start validating each image
  12/28/20 18:46:49 Set as backgound image :C:\Users\nichiuser\Downloads\RBL\RBL\SSDS\SSDS\DLL\hin001.jpg
  12/28/20 18:46:50 Start taking screenshot for :C:\Users\nichiuser\Downloads\RBL\RBL\SSDS\SSDS\DLL\hin001.jpg
  12/28/20 18:46:50 End taking screenshot for :C:\Users\nichiuser\Downloads\RBL\RBL\SSDS\SSDS\DLL\hin001.jpg
  12/28/20 18:46:50 Set as backgound image :C:\Users\nichiuser\Downloads\RBL\RBL\SSDS\SSDS\DLL\hin002.jpg
  12/28/20 18:46:51 Start taking screenshot for :C:\Users\nichiuser\Downloads\RBL\RBL\SSDS\SSDS\DLL\hin002.jpg
  12/28/20 18:46:51 End taking screenshot for :C:\Users\nichiuser\Downloads\RBL\RBL\SSDS\SSDS\DLL\hin002.jpg
  12/28/20 18:46:51 Set as backgound image :C:\Users\nichiuser\Downloads\RBL\RBL\SSDS\SSDS\DLL\hin003.jpg
  12/28/20 18:46:51 Start taking screenshot for :C:\Users\nichiuser\Downloads\RBL\RBL\SSDS\SSDS\DLL\hin003.jpg
  12/28/20 18:46:51 End taking screenshot for :C:\Users\nichiuser\Downloads\RBL\RBL\SSDS\SSDS\DLL\hin003.jpg
  12/28/20 18:46:52 Set as backgound image :C:\Users\nichiuser\Downloads\RBL\RBL\SSDS\SSDS\DLL\hin004.jpg
  12/28/20 18:46:52 Start taking screenshot for :C:\Users\nichiuser\Downloads\RBL\RBL\SSDS\SSDS\DLL\hin004.jpg
  12/28/20 18:46:52 End taking screenshot for :C:\Users\nichiuser\Downloads\RBL\RBL\SSDS\SSDS\DLL\hin004.jpg
  12/28/20 18:46:52 Set as backgound image :C:\Users\nichiuser\Downloads\RBL\RBL\SSDS\SSDS\DLL\hin005.jpg
  12/28/20 18:46:53 Start taking screenshot for :C:\Users\nichiuser\Downloads\RBL\RBL\SSDS\SSDS\DLL\hin005.jpg
  12/28/20 18:46:53 End taking screenshot for :C:\Users\nichiuser\Downloads\RBL\RBL\SSDS\SSDS\DLL\hin005.jpg
  12/28/20 18:46:53 Set as backgound image :C:\Users\nichiuser\Downloads\RBL\RBL\SSDS\SSDS\DLL\hin006.jpg
  12/28/20 18:46:54 Start taking screenshot for :C:\Users\nichiuser\Downloads\RBL\RBL\SSDS\SSDS\DLL\hin006.jpg
  12/28/20 18:46:54 End taking screenshot for :C:\Users\nichiuser\Downloads\RBL\RBL\SSDS\SSDS\DLL\hin006.jpg
  12/28/20 18:46:54 Set as backgound image :C:\Users\nichiuser\Downloads\RBL\RBL\SSDS\SSDS\DLL\hin007.jpg
  12/28/20 18:46:55 Start taking screenshot for :C:\Users\nichiuser\Downloads\RBL\RBL\SSDS\SSDS\DLL\hin007.jpg
  12/28/20 18:46:55 End taking screenshot for :C:\Users\nichiuser\Downloads\RBL\RBL\SSDS\SSDS\DLL\hin007.jpg
  12/28/20 18:46:55 Set as backgound image :C:\Users\nichiuser\Downloads\RBL\RBL\SSDS\SSDS\DLL\hin009.jpg
  12/28/20 18:46:55 Start taking screenshot for :C:\Users\nichiuser\Downloads\RBL\RBL\SSDS\SSDS\DLL\hin009.jpg
  12/28/20 18:46:55 End taking screenshot for :C:\Users\nichiuser\Downloads\RBL\RBL\SSDS\SSDS\DLL\hin009.jpg
  12/28/20 18:46:56 Set as backgound image :C:\Users\nichiuser\Downloads\RBL\RBL\SSDS\SSDS\DLL\hin010.jpg
  12/28/20 18:46:56 Start taking screenshot for :C:\Users\nichiuser\Downloads\RBL\RBL\SSDS\SSDS\DLL\hin010.jpg
  12/28/20 18:46:56 End taking screenshot for :C:\Users\nichiuser\Downloads\RBL\RBL\SSDS\SSDS\DLL\hin010.jpg
  12/28/20 18:46:56 Set as backgound image :C:\Users\nichiuser\Downloads\RBL\RBL\SSDS\SSDS\DLL\hin012.jpg
  12/28/20 18:46:57 Start taking screenshot for :C:\Users\nichiuser\Downloads\RBL\RBL\SSDS\SSDS\DLL\hin012.jpg
  12/28/20 18:46:57 End taking screenshot for :C:\Users\nichiuser\Downloads\RBL\RBL\SSDS\SSDS\DLL\hin012.jpg
  12/28/20 18:46:57 Set as backgound image :C:\Users\nichiuser\Downloads\RBL\RBL\SSDS\SSDS\DLL\hin013.jpg
  12/28/20 18:46:58 Start taking screenshot for :C:\Users\nichiuser\Downloads\RBL\RBL\SSDS\SSDS\DLL\hin013.jpg
  12/28/20 18:46:58 End taking screenshot for :C:\Users\nichiuser\Downloads\RBL\RBL\SSDS\SSDS\DLL\hin013.jpg
  12/28/20 18:46:58 Set as backgound image :C:\Users\nichiuser\Downloads\RBL\RBL\SSDS\SSDS\DLL\hin015.jpg
  12/28/20 18:46:59 Start taking screenshot for :C:\Users\nichiuser\Downloads\RBL\RBL\SSDS\SSDS\DLL\hin015.jpg
  12/28/20 18:46:59 End taking screenshot for :C:\Users\nichiuser\Downloads\RBL\RBL\SSDS\SSDS\DLL\hin015.jpg
  12/28/20 18:46:59 Set as backgound image :C:\Users\nichiuser\Downloads\RBL\RBL\SSDS\SSDS\DLL\hin016.jpg
  12/28/20 18:46:59 Start taking screenshot for :C:\Users\nichiuser\Downloads\RBL\RBL\SSDS\SSDS\DLL\hin016.jpg
  12/28/20 18:46:59 End taking screenshot for :C:\Users\nichiuser\Downloads\RBL\RBL\SSDS\SSDS\DLL\hin016.jpg
  12/28/20 18:46:59 Set as backgound image :C:\Users\nichiuser\Downloads\RBL\RBL\SSDS\SSDS\DLL\hin017.jpg
  12/28/20 18:47:00 Start taking screenshot for :C:\Users\nichiuser\Downloads\RBL\RBL\SSDS\SSDS\DLL\hin017.jpg
  12/28/20 18:47:00 End taking screenshot for :C:\Users\nichiuser\Downloads\RBL\RBL\SSDS\SSDS\DLL\hin017.jpg
  12/28/20 18:47:00 Set as backgound image :C:\Users\nichiuser\Downloads\RBL\RBL\SSDS\SSDS\DLL\hin018.jpg
  12/28/20 18:47:01 Start taking screenshot for :C:\Users\nichiuser\Downloads\RBL\RBL\SSDS\SSDS\DLL\hin018.jpg
  12/28/20 18:47:01 End taking screenshot for :C:\Users\nichiuser\Downloads\RBL\RBL\SSDS\SSDS\DLL\hin018.jpg
  12/28/20 18:47:01 Set as backgound image :C:\Users\nichiuser\Downloads\RBL\RBL\SSDS\SSDS\DLL\hin020.jpg
  12/28/20 18:47:02 Start taking screenshot for :C:\Users\nichiuser\Downloads\RBL\RBL\SSDS\SSDS\DLL\hin020.jpg
  12/28/20 18:47:02 End taking screenshot for :C:\Users\nichiuser\Downloads\RBL\RBL\SSDS\SSDS\DLL\hin020.jpg
  12/28/20 18:47:02 Set as backgound image :C:\Users\nichiuser\Downloads\RBL\RBL\SSDS\SSDS\DLL\hin021.jpg
  12/28/20 18:47:02 Start taking screenshot for :C:\Users\nichiuser\Downloads\RBL\RBL\SSDS\SSDS\DLL\hin021.jpg
  12/28/20 18:47:03 End taking screenshot for :C:\Users\nichiuser\Downloads\RBL\RBL\SSDS\SSDS\DLL\hin021.jpg
  12/28/20 18:47:03 Set as backgound image :C:\Users\nichiuser\Downloads\RBL\RBL\SSDS\SSDS\DLL\hin022.jpg
  12/28/20 18:47:03 Start taking screenshot for :C:\Users\nichiuser\Downloads\RBL\RBL\SSDS\SSDS\DLL\hin022.jpg
  12/28/20 18:47:03 End taking screenshot for :C:\Users\nichiuser\Downloads\RBL\RBL\SSDS\SSDS\DLL\hin022.jpg
  12/28/20 18:47:03 Set as backgound image :C:\Users\nichiuser\Downloads\RBL\RBL\SSDS\SSDS\DLL\hin023.jpg
  12/28/20 18:47:04 Start taking screenshot for :C:\Users\nichiuser\Downloads\RBL\RBL\SSDS\SSDS\DLL\hin023.jpg
  12/28/20 18:47:04 End taking screenshot for :C:\Users\nichiuser\Downloads\RBL\RBL\SSDS\SSDS\DLL\hin023.jpg
  12/28/20 18:47:04 Set as backgound image :C:\Users\nichiuser\Downloads\RBL\RBL\SSDS\SSDS\DLL\hin024.jpg
  12/28/20 18:47:05 Start taking screenshot for :C:\Users\nichiuser\Downloads\RBL\RBL\SSDS\SSDS\DLL\hin024.jpg
  12/28/20 18:47:05 End taking screenshot for :C:\Users\nichiuser\Downloads\RBL\RBL\SSDS\SSDS\DLL\hin024.jpg
  12/28/20 18:47:05 Set as backgound image :C:\Users\nichiuser\Downloads\RBL\RBL\SSDS\SSDS\DLL\hin026.jpg
  12/28/20 18:47:06 Start taking screenshot for :C:\Users\nichiuser\Downloads\RBL\RBL\SSDS\SSDS\DLL\hin026.jpg
  12/28/20 18:47:06 End taking screenshot for :C:\Users\nichiuser\Downloads\RBL\RBL\SSDS\SSDS\DLL\hin026.jpg
  12/28/20 18:47:06 Set as backgound image :C:\Users\nichiuser\Downloads\RBL\RBL\SSDS\SSDS\DLL\hin027.jpg
  12/28/20 18:47:06 Start taking screenshot for :C:\Users\nichiuser\Downloads\RBL\RBL\SSDS\SSDS\DLL\hin027.jpg
  12/28/20 18:47:07 End taking screenshot for :C:\Users\nichiuser\Downloads\RBL\RBL\SSDS\SSDS\DLL\hin027.jpg
  12/28/20 18:47:07 Set as backgound image :C:\Users\nichiuser\Downloads\RBL\RBL\SSDS\SSDS\DLL\hin028.jpg
  12/28/20 18:47:07 Start taking screenshot for :C:\Users\nichiuser\Downloads\RBL\RBL\SSDS\SSDS\DLL\hin028.jpg
  12/28/20 18:47:07 End taking screenshot for :C:\Users\nichiuser\Downloads\RBL\RBL\SSDS\SSDS\DLL\hin028.jpg
  12/28/20 18:47:07 Set as backgound image :C:\Users\nichiuser\Downloads\RBL\RBL\SSDS\SSDS\DLL\hin029.jpg
  12/28/20 18:47:08 Start taking screenshot for :C:\Users\nichiuser\Downloads\RBL\RBL\SSDS\SSDS\DLL\hin029.jpg
  12/28/20 18:47:08 End taking screenshot for :C:\Users\nichiuser\Downloads\RBL\RBL\SSDS\SSDS\DLL\hin029.jpg
  12/28/20 18:47:08 Set as backgound image :C:\Users\nichiuser\Downloads\RBL\RBL\SSDS\SSDS\DLL\hin030.jpg
  12/28/20 18:47:09 Start taking screenshot for :C:\Users\nichiuser\Downloads\RBL\RBL\SSDS\SSDS\DLL\hin030.jpg
  12/28/20 18:47:09 End taking screenshot for :C:\Users\nichiuser\Downloads\RBL\RBL\SSDS\SSDS\DLL\hin030.jpg
  12/28/20 18:47:09 Set as backgound image :C:\Users\nichiuser\Downloads\RBL\RBL\SSDS\SSDS\DLL\hin031.jpg
  12/28/20 18:47:10 Start taking screenshot for :C:\Users\nichiuser\Downloads\RBL\RBL\SSDS\SSDS\DLL\hin031.jpg
  12/28/20 18:47:10 End taking screenshot for :C:\Users\nichiuser\Downloads\RBL\RBL\SSDS\SSDS\DLL\hin031.jpg
  12/28/20 18:47:10 Set as backgound image :C:\Users\nichiuser\Downloads\RBL\RBL\SSDS\SSDS\DLL\hin032.jpg
  12/28/20 18:47:10 Start taking screenshot for :C:\Users\nichiuser\Downloads\RBL\RBL\SSDS\SSDS\DLL\hin032.jpg
  12/28/20 18:47:10 End taking screenshot for :C:\Users\nichiuser\Downloads\RBL\RBL\SSDS\SSDS\DLL\hin032.jpg
  12/28/20 18:47:11 Set as backgound image :C:\Users\nichiuser\Downloads\RBL\RBL\SSDS\SSDS\DLL\hin033.jpg
  12/28/20 18:47:11 Start taking screenshot for :C:\Users\nichiuser\Downloads\RBL\RBL\SSDS\SSDS\DLL\hin033.jpg
  12/28/20 18:47:11 End taking screenshot for :C:\Users\nichiuser\Downloads\RBL\RBL\SSDS\SSDS\DLL\hin033.jpg
  12/28/20 18:47:11 Set as backgound image :C:\Users\nichiuser\Downloads\RBL\RBL\SSDS\SSDS\DLL\hin034.jpg
  12/28/20 18:47:12 Start taking screenshot for :C:\Users\nichiuser\Downloads\RBL\RBL\SSDS\SSDS\DLL\hin034.jpg
  12/28/20 18:47:12 End taking screenshot for :C:\Users\nichiuser\Downloads\RBL\RBL\SSDS\SSDS\DLL\hin034.jpg
  12/28/20 18:47:12 Set as backgound image :C:\Users\nichiuser\Downloads\RBL\RBL\SSDS\SSDS\DLL\hin035.jpg
  12/28/20 18:47:13 Start taking screenshot for :C:\Users\nichiuser\Downloads\RBL\RBL\SSDS\SSDS\DLL\hin035.jpg
  12/28/20 18:47:13 End taking screenshot for :C:\Users\nichiuser\Downloads\RBL\RBL\SSDS\SSDS\DLL\hin035.jpg
  12/28/20 18:47:13 Set as backgound image :C:\Users\nichiuser\Downloads\RBL\RBL\SSDS\SSDS\DLL\hin036.jpg
  12/28/20 18:47:13 Start taking screenshot for :C:\Users\nichiuser\Downloads\RBL\RBL\SSDS\SSDS\DLL\hin036.jpg
  12/28/20 18:47:13 End taking screenshot for :C:\Users\nichiuser\Downloads\RBL\RBL\SSDS\SSDS\DLL\hin036.jpg
  12/28/20 18:47:14 Set as backgound image :C:\Users\nichiuser\Downloads\RBL\RBL\SSDS\SSDS\DLL\hin037.jpg
  12/28/20 18:47:14 Start taking screenshot for :C:\Users\nichiuser\Downloads\RBL\RBL\SSDS\SSDS\DLL\hin037.jpg
  12/28/20 18:47:14 End taking screenshot for :C:\Users\nichiuser\Downloads\RBL\RBL\SSDS\SSDS\DLL\hin037.jpg
  12/28/20 18:47:14 Set as backgound image :C:\Users\nichiuser\Downloads\RBL\RBL\SSDS\SSDS\DLL\hin038.jpg
  12/28/20 18:47:15 Start taking screenshot for :C:\Users\nichiuser\Downloads\RBL\RBL\SSDS\SSDS\DLL\hin038.jpg
  12/28/20 18:47:15 End taking screenshot for :C:\Users\nichiuser\Downloads\RBL\RBL\SSDS\SSDS\DLL\hin038.jpg
  12/28/20 18:47:15 Set as backgound image :C:\Users\nichiuser\Downloads\RBL\RBL\SSDS\SSDS\DLL\hin039.jpg
  12/28/20 18:47:16 Start taking screenshot for :C:\Users\nichiuser\Downloads\RBL\RBL\SSDS\SSDS\DLL\hin039.jpg
  12/28/20 18:47:16 End taking screenshot for :C:\Users\nichiuser\Downloads\RBL\RBL\SSDS\SSDS\DLL\hin039.jpg
  12/28/20 18:47:16 Set as backgound image :C:\Users\nichiuser\Downloads\RBL\RBL\SSDS\SSDS\DLL\hin040.jpg
  12/28/20 18:47:16 Start taking screenshot for :C:\Users\nichiuser\Downloads\RBL\RBL\SSDS\SSDS\DLL\hin040.jpg
  12/28/20 18:47:17 End taking screenshot for :C:\Users\nichiuser\Downloads\RBL\RBL\SSDS\SSDS\DLL\hin040.jpg
  12/28/20 18:47:17 Set as backgound image :C:\Users\nichiuser\Downloads\RBL\RBL\SSDS\SSDS\DLL\hin041.jpg
  12/28/20 18:47:18 Start taking screenshot for :C:\Users\nichiuser\Downloads\RBL\RBL\SSDS\SSDS\DLL\hin041.jpg
  12/28/20 18:47:18 End taking screenshot for :C:\Users\nichiuser\Downloads\RBL\RBL\SSDS\SSDS\DLL\hin041.jpg
  12/28/20 18:47:18 Set as backgound image :C:\Users\nichiuser\Downloads\RBL\RBL\SSDS\SSDS\DLL\hin042.jpg
  12/28/20 18:47:19 Start taking screenshot for :C:\Users\nichiuser\Downloads\RBL\RBL\SSDS\SSDS\DLL\hin042.jpg
  12/28/20 18:47:19 End taking screenshot for :C:\Users\nichiuser\Downloads\RBL\RBL\SSDS\SSDS\DLL\hin042.jpg
  12/28/20 18:47:19 Set as backgound image :C:\Users\nichiuser\Downloads\RBL\RBL\SSDS\SSDS\DLL\hin043.jpg
  12/28/20 18:47:20 Start taking screenshot for :C:\Users\nichiuser\Downloads\RBL\RBL\SSDS\SSDS\DLL\hin043.jpg
  12/28/20 18:47:20 End taking screenshot for :C:\Users\nichiuser\Downloads\RBL\RBL\SSDS\SSDS\DLL\hin043.jpg
  12/28/20 18:47:20 Set as backgound image :C:\Users\nichiuser\Downloads\RBL\RBL\SSDS\SSDS\DLL\hin044.jpg
  12/28/20 18:47:21 Start taking screenshot for :C:\Users\nichiuser\Downloads\RBL\RBL\SSDS\SSDS\DLL\hin044.jpg
  12/28/20 18:47:21 End taking screenshot for :C:\Users\nichiuser\Downloads\RBL\RBL\SSDS\SSDS\DLL\hin044.jpg
  12/28/20 18:47:21 Set as backgound image :C:\Users\nichiuser\Downloads\RBL\RBL\SSDS\SSDS\DLL\hin046.jpg
  12/28/20 18:47:21 Start taking screenshot for :C:\Users\nichiuser\Downloads\RBL\RBL\SSDS\SSDS\DLL\hin046.jpg
  12/28/20 18:47:21 End taking screenshot for :C:\Users\nichiuser\Downloads\RBL\RBL\SSDS\SSDS\DLL\hin046.jpg
  12/28/20 18:47:22 Set as backgound image :C:\Users\nichiuser\Downloads\RBL\RBL\SSDS\SSDS\DLL\hin047.jpg
  12/28/20 18:47:22 Start taking screenshot for :C:\Users\nichiuser\Downloads\RBL\RBL\SSDS\SSDS\DLL\hin047.jpg
  12/28/20 18:47:22 End taking screenshot for :C:\Users\nichiuser\Downloads\RBL\RBL\SSDS\SSDS\DLL\hin047.jpg
  12/28/20 18:47:22 Set as backgound image :C:\Users\nichiuser\Downloads\RBL\RBL\SSDS\SSDS\DLL\hin048.jpg
  12/28/20 18:47:23 Start taking screenshot for :C:\Users\nichiuser\Downloads\RBL\RBL\SSDS\SSDS\DLL\hin048.jpg
  12/28/20 18:47:23 End taking screenshot for :C:\Users\nichiuser\Downloads\RBL\RBL\SSDS\SSDS\DLL\hin048.jpg
  12/28/20 18:47:23 Set as backgound image :C:\Users\nichiuser\Downloads\RBL\RBL\SSDS\SSDS\DLL\hin060.jpg
  12/28/20 18:47:24 Start taking screenshot for :C:\Users\nichiuser\Downloads\RBL\RBL\SSDS\SSDS\DLL\hin060.jpg
  12/28/20 18:47:24 End taking screenshot for :C:\Users\nichiuser\Downloads\RBL\RBL\SSDS\SSDS\DLL\hin060.jpg
  12/28/20 18:47:24 Set as backgound image :C:\Users\nichiuser\Downloads\RBL\RBL\SSDS\SSDS\DLL\hin061.jpg
  12/28/20 18:47:24 Start taking screenshot for :C:\Users\nichiuser\Downloads\RBL\RBL\SSDS\SSDS\DLL\hin061.jpg
  12/28/20 18:47:24 End taking screenshot for :C:\Users\nichiuser\Downloads\RBL\RBL\SSDS\SSDS\DLL\hin061.jpg
  12/28/20 18:47:24 Set as backgound image :C:\Users\nichiuser\Downloads\RBL\RBL\SSDS\SSDS\DLL\hin062.jpg
  12/28/20 18:47:25 Start taking screenshot for :C:\Users\nichiuser\Downloads\RBL\RBL\SSDS\SSDS\DLL\hin062.jpg
  12/28/20 18:47:25 End taking screenshot for :C:\Users\nichiuser\Downloads\RBL\RBL\SSDS\SSDS\DLL\hin062.jpg
  12/28/20 18:47:25 Set as backgound image :C:\Users\nichiuser\Downloads\RBL\RBL\SSDS\SSDS\DLL\hin064.jpg
  12/28/20 18:47:26 Start taking screenshot for :C:\Users\nichiuser\Downloads\RBL\RBL\SSDS\SSDS\DLL\hin064.jpg
  12/28/20 18:47:26 End taking screenshot for :C:\Users\nichiuser\Downloads\RBL\RBL\SSDS\SSDS\DLL\hin064.jpg
  12/28/20 18:47:26 Set as backgound image :C:\Users\nichiuser\Downloads\RBL\RBL\SSDS\SSDS\DLL\hin065.jpg
  12/28/20 18:47:27 Start taking screenshot for :C:\Users\nichiuser\Downloads\RBL\RBL\SSDS\SSDS\DLL\hin065.jpg
  12/28/20 18:47:27 End taking screenshot for :C:\Users\nichiuser\Downloads\RBL\RBL\SSDS\SSDS\DLL\hin065.jpg
  12/28/20 18:47:27 Set as backgound image :C:\Users\nichiuser\Downloads\RBL\RBL\SSDS\SSDS\DLL\hin066.jpg
  12/28/20 18:47:28 Start taking screenshot for :C:\Users\nichiuser\Downloads\RBL\RBL\SSDS\SSDS\DLL\hin066.jpg
  12/28/20 18:47:28 End taking screenshot for :C:\Users\nichiuser\Downloads\RBL\RBL\SSDS\SSDS\DLL\hin066.jpg
  12/28/20 18:47:28 Set as backgound image :C:\Users\nichiuser\Downloads\RBL\RBL\SSDS\SSDS\DLL\hin070.jpg
  12/28/20 18:47:28 Start taking screenshot for :C:\Users\nichiuser\Downloads\RBL\RBL\SSDS\SSDS\DLL\hin070.jpg
  12/28/20 18:47:28 End taking screenshot for :C:\Users\nichiuser\Downloads\RBL\RBL\SSDS\SSDS\DLL\hin070.jpg
  12/28/20 18:47:28 Set as backgound image :C:\Users\nichiuser\Downloads\RBL\RBL\SSDS\SSDS\DLL\hin072.jpg
  12/28/20 18:47:29 Start taking screenshot for :C:\Users\nichiuser\Downloads\RBL\RBL\SSDS\SSDS\DLL\hin072.jpg
  12/28/20 18:47:29 End taking screenshot for :C:\Users\nichiuser\Downloads\RBL\RBL\SSDS\SSDS\DLL\hin072.jpg
  12/28/20 18:47:29 Set as backgound image :C:\Users\nichiuser\Downloads\RBL\RBL\SSDS\SSDS\DLL\hin074.jpg
  12/28/20 18:47:30 Start taking screenshot for :C:\Users\nichiuser\Downloads\RBL\RBL\SSDS\SSDS\DLL\hin074.jpg
  12/28/20 18:47:30 End taking screenshot for :C:\Users\nichiuser\Downloads\RBL\RBL\SSDS\SSDS\DLL\hin074.jpg
  12/28/20 18:47:30 Set as backgound image :C:\Users\nichiuser\Downloads\RBL\RBL\SSDS\SSDS\DLL\hin078.jpg
  12/28/20 18:47:31 Start taking screenshot for :C:\Users\nichiuser\Downloads\RBL\RBL\SSDS\SSDS\DLL\hin078.jpg
  12/28/20 18:47:31 End taking screenshot for :C:\Users\nichiuser\Downloads\RBL\RBL\SSDS\SSDS\DLL\hin078.jpg
  12/28/20 18:47:31 Set as backgound image :C:\Users\nichiuser\Downloads\RBL\RBL\SSDS\SSDS\DLL\hin082.jpg
  12/28/20 18:47:32 Start taking screenshot for :C:\Users\nichiuser\Downloads\RBL\RBL\SSDS\SSDS\DLL\hin082.jpg
  12/28/20 18:47:32 End taking screenshot for :C:\Users\nichiuser\Downloads\RBL\RBL\SSDS\SSDS\DLL\hin082.jpg
  12/28/20 18:47:32 Set as backgound image :C:\Users\nichiuser\Downloads\RBL\RBL\SSDS\SSDS\DLL\hin083.jpg
  12/28/20 18:47:33 Start taking screenshot for :C:\Users\nichiuser\Downloads\RBL\RBL\SSDS\SSDS\DLL\hin083.jpg
  12/28/20 18:47:33 End taking screenshot for :C:\Users\nichiuser\Downloads\RBL\RBL\SSDS\SSDS\DLL\hin083.jpg
  12/28/20 18:47:33 Set as backgound image :C:\Users\nichiuser\Downloads\RBL\RBL\SSDS\SSDS\DLL\hin087.jpg
  12/28/20 18:47:33 Start taking screenshot for :C:\Users\nichiuser\Downloads\RBL\RBL\SSDS\SSDS\DLL\hin087.jpg
  12/28/20 18:47:34 End taking screenshot for :C:\Users\nichiuser\Downloads\RBL\RBL\SSDS\SSDS\DLL\hin087.jpg
  12/28/20 18:47:34 Set as backgound image :C:\Users\nichiuser\Downloads\RBL\RBL\SSDS\SSDS\DLL\hin088.jpg
  12/28/20 18:47:34 Start taking screenshot for :C:\Users\nichiuser\Downloads\RBL\RBL\SSDS\SSDS\DLL\hin088.jpg
  12/28/20 18:47:34 End taking screenshot for :C:\Users\nichiuser\Downloads\RBL\RBL\SSDS\SSDS\DLL\hin088.jpg
  12/28/20 18:47:34 Set as backgound image :C:\Users\nichiuser\Downloads\RBL\RBL\SSDS\SSDS\DLL\hin0889.jpg
  12/28/20 18:47:35 Start taking screenshot for :C:\Users\nichiuser\Downloads\RBL\RBL\SSDS\SSDS\DLL\hin0889.jpg
  12/28/20 18:47:35 End taking screenshot for :C:\Users\nichiuser\Downloads\RBL\RBL\SSDS\SSDS\DLL\hin0889.jpg
  12/28/20 18:47:35 Set as backgound image :C:\Users\nichiuser\Downloads\RBL\RBL\SSDS\SSDS\DLL\hin091.jpg
  12/28/20 18:47:36 Start taking screenshot for :C:\Users\nichiuser\Downloads\RBL\RBL\SSDS\SSDS\DLL\hin091.jpg
  12/28/20 18:47:36 End taking screenshot for :C:\Users\nichiuser\Downloads\RBL\RBL\SSDS\SSDS\DLL\hin091.jpg
  12/28/20 18:47:36 Set as backgound image :C:\Users\nichiuser\Downloads\RBL\RBL\SSDS\SSDS\DLL\hin093.jpg
  12/28/20 18:47:37 Start taking screenshot for :C:\Users\nichiuser\Downloads\RBL\RBL\SSDS\SSDS\DLL\hin093.jpg
  12/28/20 18:47:37 End taking screenshot for :C:\Users\nichiuser\Downloads\RBL\RBL\SSDS\SSDS\DLL\hin093.jpg
  12/28/20 18:47:37 Set as backgound image :C:\Users\nichiuser\Downloads\RBL\RBL\SSDS\SSDS\DLL\hin094.jpg
  12/28/20 18:47:37 Start taking screenshot for :C:\Users\nichiuser\Downloads\RBL\RBL\SSDS\SSDS\DLL\hin094.jpg
  12/28/20 18:47:37 End taking screenshot for :C:\Users\nichiuser\Downloads\RBL\RBL\SSDS\SSDS\DLL\hin094.jpg
  12/28/20 18:47:38 Set as backgound image :C:\Users\nichiuser\Downloads\RBL\RBL\SSDS\SSDS\DLL\hin095.jpg
  12/28/20 18:47:38 Start taking screenshot for :C:\Users\nichiuser\Downloads\RBL\RBL\SSDS\SSDS\DLL\hin095.jpg
  12/28/20 18:47:38 End taking screenshot for :C:\Users\nichiuser\Downloads\RBL\RBL\SSDS\SSDS\DLL\hin095.jpg
  12/28/20 18:47:38 Set as backgound image :C:\Users\nichiuser\Downloads\RBL\RBL\SSDS\SSDS\DLL\hin096.jpg
  12/28/20 18:47:39 Start taking screenshot for :C:\Users\nichiuser\Downloads\RBL\RBL\SSDS\SSDS\DLL\hin096.jpg
  12/28/20 18:47:39 End taking screenshot for :C:\Users\nichiuser\Downloads\RBL\RBL\SSDS\SSDS\DLL\hin096.jpg
  12/28/20 18:47:39 Set as backgound image :C:\Users\nichiuser\Downloads\RBL\RBL\SSDS\SSDS\DLL\hin097.jpg
  12/28/20 18:47:40 Start taking screenshot for :C:\Users\nichiuser\Downloads\RBL\RBL\SSDS\SSDS\DLL\hin097.jpg
  12/28/20 18:47:40 End taking screenshot for :C:\Users\nichiuser\Downloads\RBL\RBL\SSDS\SSDS\DLL\hin097.jpg
  12/28/20 18:47:40 Set as backgound image :C:\Users\nichiuser\Downloads\RBL\RBL\SSDS\SSDS\DLL\hin098.jpg
  12/28/20 18:47:41 Start taking screenshot for :C:\Users\nichiuser\Downloads\RBL\RBL\SSDS\SSDS\DLL\hin098.jpg
  12/28/20 18:47:41 End taking screenshot for :C:\Users\nichiuser\Downloads\RBL\RBL\SSDS\SSDS\DLL\hin098.jpg
  12/28/20 18:47:41 Set as backgound image :C:\Users\nichiuser\Downloads\RBL\RBL\SSDS\SSDS\DLL\hin099.jpg
  12/28/20 18:47:41 Start taking screenshot for :C:\Users\nichiuser\Downloads\RBL\RBL\SSDS\SSDS\DLL\hin099.jpg
  12/28/20 18:47:41 End taking screenshot for :C:\Users\nichiuser\Downloads\RBL\RBL\SSDS\SSDS\DLL\hin099.jpg
  12/28/20 18:47:41 Set as backgound image :C:\Users\nichiuser\Downloads\RBL\RBL\SSDS\SSDS\DLL\hin110.jpg
  12/28/20 18:47:42 Start taking screenshot for :C:\Users\nichiuser\Downloads\RBL\RBL\SSDS\SSDS\DLL\hin110.jpg
  12/28/20 18:47:42 End taking screenshot for :C:\Users\nichiuser\Downloads\RBL\RBL\SSDS\SSDS\DLL\hin110.jpg
  12/28/20 18:47:42 Set as backgound image :C:\Users\nichiuser\Downloads\RBL\RBL\SSDS\SSDS\DLL\hin112.jpg
  12/28/20 18:47:43 Start taking screenshot for :C:\Users\nichiuser\Downloads\RBL\RBL\SSDS\SSDS\DLL\hin112.jpg
  12/28/20 18:47:43 End taking screenshot for :C:\Users\nichiuser\Downloads\RBL\RBL\SSDS\SSDS\DLL\hin112.jpg
  12/28/20 18:47:43 Set as backgound image :C:\Users\nichiuser\Downloads\RBL\RBL\SSDS\SSDS\DLL\hin115.jpg
  12/28/20 18:47:44 Start taking screenshot for :C:\Users\nichiuser\Downloads\RBL\RBL\SSDS\SSDS\DLL\hin115.jpg
  12/28/20 18:47:44 End taking screenshot for :C:\Users\nichiuser\Downloads\RBL\RBL\SSDS\SSDS\DLL\hin115.jpg
  12/28/20 18:47:44 Set as backgound image :C:\Users\nichiuser\Downloads\RBL\RBL\SSDS\SSDS\DLL\hin116.jpg
  12/28/20 18:47:45 Start taking screenshot for :C:\Users\nichiuser\Downloads\RBL\RBL\SSDS\SSDS\DLL\hin116.jpg
  12/28/20 18:47:45 End taking screenshot for :C:\Users\nichiuser\Downloads\RBL\RBL\SSDS\SSDS\DLL\hin116.jpg
  12/28/20 18:47:45 Set as backgound image :C:\Users\nichiuser\Downloads\RBL\RBL\SSDS\SSDS\DLL\hin119.jpg
  12/28/20 18:47:45 Start taking screenshot for :C:\Users\nichiuser\Downloads\RBL\RBL\SSDS\SSDS\DLL\hin119.jpg
  12/28/20 18:47:45 End taking screenshot for :C:\Users\nichiuser\Downloads\RBL\RBL\SSDS\SSDS\DLL\hin119.jpg
  12/28/20 18:47:45 Set as backgound image :C:\Users\nichiuser\Downloads\RBL\RBL\SSDS\SSDS\DLL\hin120.jpg
  12/28/20 18:47:47 Start taking screenshot for :C:\Users\nichiuser\Downloads\RBL\RBL\SSDS\SSDS\DLL\hin120.jpg
  12/28/20 18:47:47 End taking screenshot for :C:\Users\nichiuser\Downloads\RBL\RBL\SSDS\SSDS\DLL\hin120.jpg
  12/28/20 18:47:48 Set as backgound image :C:\Users\nichiuser\Downloads\RBL\RBL\SSDS\SSDS\DLL\hin121.jpg
  12/28/20 18:47:48 Start taking screenshot for :C:\Users\nichiuser\Downloads\RBL\RBL\SSDS\SSDS\DLL\hin121.jpg
  12/28/20 18:47:48 End taking screenshot for :C:\Users\nichiuser\Downloads\RBL\RBL\SSDS\SSDS\DLL\hin121.jpg
  12/28/20 18:47:48 Set as backgound image :C:\Users\nichiuser\Downloads\RBL\RBL\SSDS\SSDS\DLL\hin122.jpg
  12/28/20 18:47:49 Start taking screenshot for :C:\Users\nichiuser\Downloads\RBL\RBL\SSDS\SSDS\DLL\hin122.jpg
  12/28/20 18:47:49 End taking screenshot for :C:\Users\nichiuser\Downloads\RBL\RBL\SSDS\SSDS\DLL\hin122.jpg
  12/28/20 18:47:49 Set as backgound image :C:\Users\nichiuser\Downloads\RBL\RBL\SSDS\SSDS\DLL\hin123.jpg
  12/28/20 18:47:50 Start taking screenshot for :C:\Users\nichiuser\Downloads\RBL\RBL\SSDS\SSDS\DLL\hin123.jpg
  12/28/20 18:47:50 End taking screenshot for :C:\Users\nichiuser\Downloads\RBL\RBL\SSDS\SSDS\DLL\hin123.jpg
  12/28/20 18:47:50 Set as backgound image :C:\Users\nichiuser\Downloads\RBL\RBL\SSDS\SSDS\DLL\hin124.jpg
  12/28/20 18:47:51 Start taking screenshot for :C:\Users\nichiuser\Downloads\RBL\RBL\SSDS\SSDS\DLL\hin124.jpg
  12/28/20 18:47:51 End taking screenshot for :C:\Users\nichiuser\Downloads\RBL\RBL\SSDS\SSDS\DLL\hin124.jpg
  12/28/20 18:47:51 Set as backgound image :C:\Users\nichiuser\Downloads\RBL\RBL\SSDS\SSDS\DLL\hin125.jpg
  12/28/20 18:47:51 Start taking screenshot for :C:\Users\nichiuser\Downloads\RBL\RBL\SSDS\SSDS\DLL\hin125.jpg
  12/28/20 18:47:52 End taking screenshot for :C:\Users\nichiuser\Downloads\RBL\RBL\SSDS\SSDS\DLL\hin125.jpg
  12/28/20 18:47:52 Set as backgound image :C:\Users\nichiuser\Downloads\RBL\RBL\SSDS\SSDS\DLL\hin127.jpg
  12/28/20 18:47:52 Start taking screenshot for :C:\Users\nichiuser\Downloads\RBL\RBL\SSDS\SSDS\DLL\hin127.jpg
  12/28/20 18:47:52 End taking screenshot for :C:\Users\nichiuser\Downloads\RBL\RBL\SSDS\SSDS\DLL\hin127.jpg
  12/28/20 18:47:52 Set as backgound image :C:\Users\nichiuser\Downloads\RBL\RBL\SSDS\SSDS\DLL\hin128.jpg
  12/28/20 18:47:53 Start taking screenshot for :C:\Users\nichiuser\Downloads\RBL\RBL\SSDS\SSDS\DLL\hin128.jpg
  12/28/20 18:47:53 End taking screenshot for :C:\Users\nichiuser\Downloads\RBL\RBL\SSDS\SSDS\DLL\hin128.jpg
  12/28/20 18:47:53 Set as backgound image :C:\Users\nichiuser\Downloads\RBL\RBL\SSDS\SSDS\DLL\hin129.jpg
  12/28/20 18:47:54 Start taking screenshot for :C:\Users\nichiuser\Downloads\RBL\RBL\SSDS\SSDS\DLL\hin129.jpg
  12/28/20 18:47:54 End taking screenshot for :C:\Users\nichiuser\Downloads\RBL\RBL\SSDS\SSDS\DLL\hin129.jpg
  12/28/20 18:47:54 Set as backgound image :C:\Users\nichiuser\Downloads\RBL\RBL\SSDS\SSDS\DLL\hin131.jpg
  12/28/20 18:47:55 Start taking screenshot for :C:\Users\nichiuser\Downloads\RBL\RBL\SSDS\SSDS\DLL\hin131.jpg
  12/28/20 18:47:55 End taking screenshot for :C:\Users\nichiuser\Downloads\RBL\RBL\SSDS\SSDS\DLL\hin131.jpg
  12/28/20 18:47:55 Set as backgound image :C:\Users\nichiuser\Downloads\RBL\RBL\SSDS\SSDS\DLL\hin135.jpg
  12/28/20 18:47:55 Start taking screenshot for :C:\Users\nichiuser\Downloads\RBL\RBL\SSDS\SSDS\DLL\hin135.jpg
  12/28/20 18:47:55 End taking screenshot for :C:\Users\nichiuser\Downloads\RBL\RBL\SSDS\SSDS\DLL\hin135.jpg
  12/28/20 18:47:55 Set as backgound image :C:\Users\nichiuser\Downloads\RBL\RBL\SSDS\SSDS\DLL\hin136.jpg
  12/28/20 18:47:56 Start taking screenshot for :C:\Users\nichiuser\Downloads\RBL\RBL\SSDS\SSDS\DLL\hin136.jpg
  12/28/20 18:47:56 End taking screenshot for :C:\Users\nichiuser\Downloads\RBL\RBL\SSDS\SSDS\DLL\hin136.jpg
  12/28/20 18:47:56 Set as backgound image :C:\Users\nichiuser\Downloads\RBL\RBL\SSDS\SSDS\DLL\hin138.jpg
  12/28/20 18:47:57 Start taking screenshot for :C:\Users\nichiuser\Downloads\RBL\RBL\SSDS\SSDS\DLL\hin138.jpg
  12/28/20 18:47:57 End taking screenshot for :C:\Users\nichiuser\Downloads\RBL\RBL\SSDS\SSDS\DLL\hin138.jpg
  12/28/20 18:47:57 Set as backgound image :C:\Users\nichiuser\Downloads\RBL\RBL\SSDS\SSDS\DLL\hin139.jpg
  12/28/20 18:47:57 Start taking screenshot for :C:\Users\nichiuser\Downloads\RBL\RBL\SSDS\SSDS\DLL\hin139.jpg
  12/28/20 18:47:57 End taking screenshot for :C:\Users\nichiuser\Downloads\RBL\RBL\SSDS\SSDS\DLL\hin139.jpg
  12/28/20 18:47:58 Set as backgound image :C:\Users\nichiuser\Downloads\RBL\RBL\SSDS\SSDS\DLL\hin141.jpg
  12/28/20 18:47:58 Start taking screenshot for :C:\Users\nichiuser\Downloads\RBL\RBL\SSDS\SSDS\DLL\hin141.jpg
  12/28/20 18:47:58 End taking screenshot for :C:\Users\nichiuser\Downloads\RBL\RBL\SSDS\SSDS\DLL\hin141.jpg
  12/28/20 18:47:58 Set as backgound image :C:\Users\nichiuser\Downloads\RBL\RBL\SSDS\SSDS\DLL\hin142.jpg
  12/28/20 18:47:59 Start taking screenshot for :C:\Users\nichiuser\Downloads\RBL\RBL\SSDS\SSDS\DLL\hin142.jpg
  12/28/20 18:47:59 End taking screenshot for :C:\Users\nichiuser\Downloads\RBL\RBL\SSDS\SSDS\DLL\hin142.jpg
  12/28/20 18:47:59 Set as backgound image :C:\Users\nichiuser\Downloads\RBL\RBL\SSDS\SSDS\DLL\hin150.jpg
  12/28/20 18:48:00 Start taking screenshot for :C:\Users\nichiuser\Downloads\RBL\RBL\SSDS\SSDS\DLL\hin150.jpg
  12/28/20 18:48:00 End taking screenshot for :C:\Users\nichiuser\Downloads\RBL\RBL\SSDS\SSDS\DLL\hin150.jpg
  12/28/20 18:48:00 Set as backgound image :C:\Users\nichiuser\Downloads\RBL\RBL\SSDS\SSDS\DLL\hin151.jpg
  12/28/20 18:48:00 Start taking screenshot for :C:\Users\nichiuser\Downloads\RBL\RBL\SSDS\SSDS\DLL\hin151.jpg
  12/28/20 18:48:00 End taking screenshot for :C:\Users\nichiuser\Downloads\RBL\RBL\SSDS\SSDS\DLL\hin151.jpg
  12/28/20 18:48:00 Set as backgound image :C:\Users\nichiuser\Downloads\RBL\RBL\SSDS\SSDS\DLL\hin152.jpg
  12/28/20 18:48:01 Start taking screenshot for :C:\Users\nichiuser\Downloads\RBL\RBL\SSDS\SSDS\DLL\hin152.jpg
  12/28/20 18:48:01 End taking screenshot for :C:\Users\nichiuser\Downloads\RBL\RBL\SSDS\SSDS\DLL\hin152.jpg
  12/28/20 18:48:01 Set as backgound image :C:\Users\nichiuser\Downloads\RBL\RBL\SSDS\SSDS\DLL\hin153.jpg
  12/28/20 18:48:02 Start taking screenshot for :C:\Users\nichiuser\Downloads\RBL\RBL\SSDS\SSDS\DLL\hin153.jpg
  12/28/20 18:48:02 End taking screenshot for :C:\Users\nichiuser\Downloads\RBL\RBL\SSDS\SSDS\DLL\hin153.jpg
  12/28/20 18:48:02 Set as backgound image :C:\Users\nichiuser\Downloads\RBL\RBL\SSDS\SSDS\DLL\hin154.jpg
  12/28/20 18:48:02 Start taking screenshot for :C:\Users\nichiuser\Downloads\RBL\RBL\SSDS\SSDS\DLL\hin154.jpg
  12/28/20 18:48:03 End taking screenshot for :C:\Users\nichiuser\Downloads\RBL\RBL\SSDS\SSDS\DLL\hin154.jpg
  12/28/20 18:48:03 Set as backgound image :C:\Users\nichiuser\Downloads\RBL\RBL\SSDS\SSDS\DLL\hin155.jpg
  12/28/20 18:48:03 Start taking screenshot for :C:\Users\nichiuser\Downloads\RBL\RBL\SSDS\SSDS\DLL\hin155.jpg
  12/28/20 18:48:03 End taking screenshot for :C:\Users\nichiuser\Downloads\RBL\RBL\SSDS\SSDS\DLL\hin155.jpg
  12/28/20 18:48:03 Set as backgound image :C:\Users\nichiuser\Downloads\RBL\RBL\SSDS\SSDS\DLL\hin156.jpg
  12/28/20 18:48:04 Start taking screenshot for :C:\Users\nichiuser\Downloads\RBL\RBL\SSDS\SSDS\DLL\hin156.jpg
  12/28/20 18:48:04 End taking screenshot for :C:\Users\nichiuser\Downloads\RBL\RBL\SSDS\SSDS\DLL\hin156.jpg
  12/28/20 18:48:04 Set as backgound image :C:\Users\nichiuser\Downloads\RBL\RBL\SSDS\SSDS\DLL\hin160.jpg
  12/28/20 18:48:05 Start taking screenshot for :C:\Users\nichiuser\Downloads\RBL\RBL\SSDS\SSDS\DLL\hin160.jpg
  12/28/20 18:48:05 End taking screenshot for :C:\Users\nichiuser\Downloads\RBL\RBL\SSDS\SSDS\DLL\hin160.jpg
  12/28/20 18:48:05 Set as backgound image :C:\Users\nichiuser\Downloads\RBL\RBL\SSDS\SSDS\DLL\hin161.jpg
  12/28/20 18:48:06 Start taking screenshot for :C:\Users\nichiuser\Downloads\RBL\RBL\SSDS\SSDS\DLL\hin161.jpg
  12/28/20 18:48:06 End taking screenshot for :C:\Users\nichiuser\Downloads\RBL\RBL\SSDS\SSDS\DLL\hin161.jpg
  12/28/20 18:48:06 Set as backgound image :C:\Users\nichiuser\Downloads\RBL\RBL\SSDS\SSDS\DLL\hin162.jpg
  12/28/20 18:48:07 Start taking screenshot for :C:\Users\nichiuser\Downloads\RBL\RBL\SSDS\SSDS\DLL\hin162.jpg
  12/28/20 18:48:07 End taking screenshot for :C:\Users\nichiuser\Downloads\RBL\RBL\SSDS\SSDS\DLL\hin162.jpg
  12/28/20 18:48:07 Set as backgound image :C:\Users\nichiuser\Downloads\RBL\RBL\SSDS\SSDS\DLL\hin163.jpg
  12/28/20 18:48:07 Start taking screenshot for :C:\Users\nichiuser\Downloads\RBL\RBL\SSDS\SSDS\DLL\hin163.jpg
  12/28/20 18:48:07 End taking screenshot for :C:\Users\nichiuser\Downloads\RBL\RBL\SSDS\SSDS\DLL\hin163.jpg
  12/28/20 18:48:07 Set as backgound image :C:\Users\nichiuser\Downloads\RBL\RBL\SSDS\SSDS\DLL\hin164.jpg
  12/28/20 18:48:08 Start taking screenshot for :C:\Users\nichiuser\Downloads\RBL\RBL\SSDS\SSDS\DLL\hin164.jpg
  12/28/20 18:48:08 End taking screenshot for :C:\Users\nichiuser\Downloads\RBL\RBL\SSDS\SSDS\DLL\hin164.jpg
  12/28/20 18:48:08 Set as backgound image :C:\Users\nichiuser\Downloads\RBL\RBL\SSDS\SSDS\DLL\hin165.jpg
  12/28/20 18:48:09 Start taking screenshot for :C:\Users\nichiuser\Downloads\RBL\RBL\SSDS\SSDS\DLL\hin165.jpg
  12/28/20 18:48:09 End taking screenshot for :C:\Users\nichiuser\Downloads\RBL\RBL\SSDS\SSDS\DLL\hin165.jpg
  12/28/20 18:48:09 Set as backgound image :C:\Users\nichiuser\Downloads\RBL\RBL\SSDS\SSDS\DLL\hin180.jpg
  12/28/20 18:48:10 Start taking screenshot for :C:\Users\nichiuser\Downloads\RBL\RBL\SSDS\SSDS\DLL\hin180.jpg
  12/28/20 18:48:10 End taking screenshot for :C:\Users\nichiuser\Downloads\RBL\RBL\SSDS\SSDS\DLL\hin180.jpg
  12/28/20 18:48:10 Set as backgound image :C:\Users\nichiuser\Downloads\RBL\RBL\SSDS\SSDS\DLL\hin181.jpg
  12/28/20 18:48:10 Start taking screenshot for :C:\Users\nichiuser\Downloads\RBL\RBL\SSDS\SSDS\DLL\hin181.jpg
  12/28/20 18:48:10 End taking screenshot for :C:\Users\nichiuser\Downloads\RBL\RBL\SSDS\SSDS\DLL\hin181.jpg
  12/28/20 18:48:11 Set as backgound image :C:\Users\nichiuser\Downloads\RBL\RBL\SSDS\SSDS\DLL\hin182.jpg
  12/28/20 18:48:11 Start taking screenshot for :C:\Users\nichiuser\Downloads\RBL\RBL\SSDS\SSDS\DLL\hin182.jpg
  12/28/20 18:48:11 End taking screenshot for :C:\Users\nichiuser\Downloads\RBL\RBL\SSDS\SSDS\DLL\hin182.jpg
  12/28/20 18:48:11 Set as backgound image :C:\Users\nichiuser\Downloads\RBL\RBL\SSDS\SSDS\DLL\hin183.jpg
  12/28/20 18:48:12 Start taking screenshot for :C:\Users\nichiuser\Downloads\RBL\RBL\SSDS\SSDS\DLL\hin183.jpg
  12/28/20 18:48:12 End taking screenshot for :C:\Users\nichiuser\Downloads\RBL\RBL\SSDS\SSDS\DLL\hin183.jpg
  12/28/20 18:48:12 Set as backgound image :C:\Users\nichiuser\Downloads\RBL\RBL\SSDS\SSDS\DLL\hin184.jpg
  12/28/20 18:48:13 Start taking screenshot for :C:\Users\nichiuser\Downloads\RBL\RBL\SSDS\SSDS\DLL\hin184.jpg
  12/28/20 18:48:13 End taking screenshot for :C:\Users\nichiuser\Downloads\RBL\RBL\SSDS\SSDS\DLL\hin184.jpg
  12/28/20 18:48:13 Set as backgound image :C:\Users\nichiuser\Downloads\RBL\RBL\SSDS\SSDS\DLL\hin185.jpg
  12/28/20 18:48:13 Start taking screenshot for :C:\Users\nichiuser\Downloads\RBL\RBL\SSDS\SSDS\DLL\hin185.jpg
  12/28/20 18:48:13 End taking screenshot for :C:\Users\nichiuser\Downloads\RBL\RBL\SSDS\SSDS\DLL\hin185.jpg
  12/28/20 18:48:14 Set as backgound image :C:\Users\nichiuser\Downloads\RBL\RBL\SSDS\SSDS\DLL\hin190.jpg
  12/28/20 18:48:14 Start taking screenshot for :C:\Users\nichiuser\Downloads\RBL\RBL\SSDS\SSDS\DLL\hin190.jpg
  12/28/20 18:48:14 End taking screenshot for :C:\Users\nichiuser\Downloads\RBL\RBL\SSDS\SSDS\DLL\hin190.jpg
  12/28/20 18:48:14 Set as backgound image :C:\Users\nichiuser\Downloads\RBL\RBL\SSDS\SSDS\DLL\hin191.jpg
  12/28/20 18:48:15 Start taking screenshot for :C:\Users\nichiuser\Downloads\RBL\RBL\SSDS\SSDS\DLL\hin191.jpg
  12/28/20 18:48:15 End taking screenshot for :C:\Users\nichiuser\Downloads\RBL\RBL\SSDS\SSDS\DLL\hin191.jpg
  12/28/20 18:48:15 Set as backgound image :C:\Users\nichiuser\Downloads\RBL\RBL\SSDS\SSDS\DLL\hin193.jpg
  12/28/20 18:48:16 Start taking screenshot for :C:\Users\nichiuser\Downloads\RBL\RBL\SSDS\SSDS\DLL\hin193.jpg
  12/28/20 18:48:16 End taking screenshot for :C:\Users\nichiuser\Downloads\RBL\RBL\SSDS\SSDS\DLL\hin193.jpg
  12/28/20 18:48:16 Set as backgound image :C:\Users\nichiuser\Downloads\RBL\RBL\SSDS\SSDS\DLL\hin194.jpg
  12/28/20 18:48:16 Start taking screenshot for :C:\Users\nichiuser\Downloads\RBL\RBL\SSDS\SSDS\DLL\hin194.jpg
  12/28/20 18:48:16 End taking screenshot for :C:\Users\nichiuser\Downloads\RBL\RBL\SSDS\SSDS\DLL\hin194.jpg
  12/28/20 18:48:17 Set as backgound image :C:\Users\nichiuser\Downloads\RBL\RBL\SSDS\SSDS\DLL\hin195.jpg
  12/28/20 18:48:17 Start taking screenshot for :C:\Users\nichiuser\Downloads\RBL\RBL\SSDS\SSDS\DLL\hin195.jpg
  12/28/20 18:48:17 End taking screenshot for :C:\Users\nichiuser\Downloads\RBL\RBL\SSDS\SSDS\DLL\hin195.jpg
  12/28/20 18:48:17 Set as backgound image :C:\Users\nichiuser\Downloads\RBL\RBL\SSDS\SSDS\DLL\hin196.jpg
  12/28/20 18:48:18 Start taking screenshot for :C:\Users\nichiuser\Downloads\RBL\RBL\SSDS\SSDS\DLL\hin196.jpg
  12/28/20 18:48:18 End taking screenshot for :C:\Users\nichiuser\Downloads\RBL\RBL\SSDS\SSDS\DLL\hin196.jpg
  12/28/20 18:48:18 Set as backgound image :C:\Users\nichiuser\Downloads\RBL\RBL\SSDS\SSDS\DLL\hin197.jpg
  12/28/20 18:48:19 Start taking screenshot for :C:\Users\nichiuser\Downloads\RBL\RBL\SSDS\SSDS\DLL\hin197.jpg
  12/28/20 18:48:19 End taking screenshot for :C:\Users\nichiuser\Downloads\RBL\RBL\SSDS\SSDS\DLL\hin197.jpg
  12/28/20 18:48:19 Set as backgound image :C:\Users\nichiuser\Downloads\RBL\RBL\SSDS\SSDS\DLL\hin200.jpg
  12/28/20 18:48:20 Start taking screenshot for :C:\Users\nichiuser\Downloads\RBL\RBL\SSDS\SSDS\DLL\hin200.jpg
  12/28/20 18:48:20 End taking screenshot for :C:\Users\nichiuser\Downloads\RBL\RBL\SSDS\SSDS\DLL\hin200.jpg
  12/28/20 18:48:20 Set as backgound image :C:\Users\nichiuser\Downloads\RBL\RBL\SSDS\SSDS\DLL\hin201.jpg
  12/28/20 18:48:20 Start taking screenshot for :C:\Users\nichiuser\Downloads\RBL\RBL\SSDS\SSDS\DLL\hin201.jpg
  12/28/20 18:48:20 End taking screenshot for :C:\Users\nichiuser\Downloads\RBL\RBL\SSDS\SSDS\DLL\hin201.jpg
  12/28/20 18:48:20 Set as backgound image :C:\Users\nichiuser\Downloads\RBL\RBL\SSDS\SSDS\DLL\hin204.jpg
  12/28/20 18:48:21 Start taking screenshot for :C:\Users\nichiuser\Downloads\RBL\RBL\SSDS\SSDS\DLL\hin204.jpg
  12/28/20 18:48:21 End taking screenshot for :C:\Users\nichiuser\Downloads\RBL\RBL\SSDS\SSDS\DLL\hin204.jpg
  12/28/20 18:48:21 Set as backgound image :C:\Users\nichiuser\Downloads\RBL\RBL\SSDS\SSDS\DLL\hin205.jpg
  12/28/20 18:48:22 Start taking screenshot for :C:\Users\nichiuser\Downloads\RBL\RBL\SSDS\SSDS\DLL\hin205.jpg
  12/28/20 18:48:22 End taking screenshot for :C:\Users\nichiuser\Downloads\RBL\RBL\SSDS\SSDS\DLL\hin205.jpg
  12/28/20 18:48:22 Set as backgound image :C:\Users\nichiuser\Downloads\RBL\RBL\SSDS\SSDS\DLL\hin221.jpg
  12/28/20 18:48:23 Start taking screenshot for :C:\Users\nichiuser\Downloads\RBL\RBL\SSDS\SSDS\DLL\hin221.jpg
  12/28/20 18:48:23 End taking screenshot for :C:\Users\nichiuser\Downloads\RBL\RBL\SSDS\SSDS\DLL\hin221.jpg
  12/28/20 18:48:23 Set as backgound image :C:\Users\nichiuser\Downloads\RBL\RBL\SSDS\SSDS\DLL\hin222.jpg
  